{"name":"hexo","hostname":"X54H-PC","pid":11092,"level":20,"msg":"Hexo version: 3.5.0","time":"2018-02-07T07:22:24.171Z","v":0}
{"name":"hexo","hostname":"X54H-PC","pid":11092,"level":20,"msg":"Working directory: D:\\hexo\\","time":"2018-02-07T07:22:24.187Z","v":0}
{"name":"hexo","hostname":"X54H-PC","pid":11092,"level":20,"msg":"Config loaded: D:\\hexo\\_config.yml","time":"2018-02-07T07:22:24.452Z","v":0}
{"name":"hexo","hostname":"X54H-PC","pid":11092,"level":20,"msg":"Plugin loaded: hexo-deployer-git","time":"2018-02-07T07:22:24.795Z","v":0}
{"name":"hexo","hostname":"X54H-PC","pid":11092,"level":20,"msg":"Plugin loaded: hexo-generator-archive","time":"2018-02-07T07:22:24.811Z","v":0}
{"name":"hexo","hostname":"X54H-PC","pid":11092,"level":20,"msg":"Plugin loaded: hexo-generator-category","time":"2018-02-07T07:22:24.811Z","v":0}
{"name":"hexo","hostname":"X54H-PC","pid":11092,"level":20,"msg":"Plugin loaded: hexo-generator-index","time":"2018-02-07T07:22:24.811Z","v":0}
{"name":"hexo","hostname":"X54H-PC","pid":11092,"level":20,"msg":"Plugin loaded: hexo-renderer-ejs","time":"2018-02-07T07:22:24.827Z","v":0}
{"name":"hexo","hostname":"X54H-PC","pid":11092,"level":20,"msg":"Plugin loaded: hexo-generator-tag","time":"2018-02-07T07:22:24.842Z","v":0}
{"name":"hexo","hostname":"X54H-PC","pid":11092,"level":20,"msg":"Plugin loaded: hexo-renderer-stylus","time":"2018-02-07T07:22:24.842Z","v":0}
{"name":"hexo","hostname":"X54H-PC","pid":11092,"level":20,"msg":"Plugin loaded: hexo-renderer-marked","time":"2018-02-07T07:22:25.014Z","v":0}
{"name":"hexo","hostname":"X54H-PC","pid":11092,"level":20,"msg":"Plugin loaded: hexo-server","time":"2018-02-07T07:22:25.326Z","v":0}
{"name":"hexo","hostname":"X54H-PC","pid":11092,"level":20,"msg":"Script loaded: themes\\claudia\\scripts\\fancybox.js","time":"2018-02-07T07:22:25.326Z","v":0}
{"name":"hexo","hostname":"X54H-PC","pid":11092,"level":20,"msg":"Loading database.","time":"2018-02-07T07:22:25.341Z","v":0}
{"name":"hexo","hostname":"X54H-PC","pid":11092,"level":30,"msg":"Start processing","time":"2018-02-07T07:22:25.357Z","v":0}
{"name":"hexo","hostname":"X54H-PC","pid":11092,"level":20,"msg":"Theme config loaded.","time":"2018-02-07T07:22:25.530Z","v":0}
{"name":"hexo","hostname":"X54H-PC","pid":11092,"level":20,"msg":"Processed: _config.yml","time":"2018-02-07T07:22:25.530Z","v":0}
{"name":"hexo","hostname":"X54H-PC","pid":11092,"level":20,"msg":"Processed: source/css/common.css","time":"2018-02-07T07:22:25.561Z","v":0}
{"name":"hexo","hostname":"X54H-PC","pid":11092,"level":20,"msg":"Processed: source/css/layout.css","time":"2018-02-07T07:22:25.561Z","v":0}
{"name":"hexo","hostname":"X54H-PC","pid":11092,"level":20,"msg":"Processed: source/css/nav.css","time":"2018-02-07T07:22:25.561Z","v":0}
{"name":"hexo","hostname":"X54H-PC","pid":11092,"level":20,"msg":"Processed: source/fancybox/blank.gif","time":"2018-02-07T07:22:25.561Z","v":0}
{"name":"hexo","hostname":"X54H-PC","pid":11092,"level":20,"msg":"Processed: source/fancybox/fancybox_loading.gif","time":"2018-02-07T07:22:25.561Z","v":0}
{"name":"hexo","hostname":"X54H-PC","pid":11092,"level":20,"msg":"Processed: source/fancybox/fancybox_loading@2x.gif","time":"2018-02-07T07:22:25.561Z","v":0}
{"name":"hexo","hostname":"X54H-PC","pid":11092,"level":20,"msg":"Processed: source/fancybox/fancybox_overlay.png","time":"2018-02-07T07:22:25.561Z","v":0}
{"name":"hexo","hostname":"X54H-PC","pid":11092,"level":20,"msg":"Processed: source/fancybox/fancybox_sprite.png","time":"2018-02-07T07:22:25.561Z","v":0}
{"name":"hexo","hostname":"X54H-PC","pid":11092,"level":20,"msg":"Processed: source/fancybox/fancybox_sprite@2x.png","time":"2018-02-07T07:22:25.561Z","v":0}
{"name":"hexo","hostname":"X54H-PC","pid":11092,"level":20,"msg":"Processed: source/fancybox/jquery.fancybox.css","time":"2018-02-07T07:22:25.561Z","v":0}
{"name":"hexo","hostname":"X54H-PC","pid":11092,"level":20,"msg":"Processed: source/fancybox/jquery.fancybox.js","time":"2018-02-07T07:22:25.561Z","v":0}
{"name":"hexo","hostname":"X54H-PC","pid":11092,"level":20,"msg":"Processed: source/fancybox/jquery.fancybox.pack.js","time":"2018-02-07T07:22:25.561Z","v":0}
{"name":"hexo","hostname":"X54H-PC","pid":11092,"level":20,"msg":"Processed: source/js/script.js","time":"2018-02-07T07:22:25.561Z","v":0}
{"name":"hexo","hostname":"X54H-PC","pid":11092,"level":20,"msg":"Processed: source/js/search_core.js","time":"2018-02-07T07:22:25.561Z","v":0}
{"name":"hexo","hostname":"X54H-PC","pid":11092,"level":20,"msg":"Processed: layout/about.ejs","time":"2018-02-07T07:22:25.608Z","v":0}
{"name":"hexo","hostname":"X54H-PC","pid":11092,"level":20,"msg":"Processed: layout/categories.ejs","time":"2018-02-07T07:22:25.608Z","v":0}
{"name":"hexo","hostname":"X54H-PC","pid":11092,"level":20,"msg":"Processed: layout/category.ejs","time":"2018-02-07T07:22:25.608Z","v":0}
{"name":"hexo","hostname":"X54H-PC","pid":11092,"level":20,"msg":"Processed: layout/index.ejs","time":"2018-02-07T07:22:25.608Z","v":0}
{"name":"hexo","hostname":"X54H-PC","pid":11092,"level":20,"msg":"Processed: layout/layout.ejs","time":"2018-02-07T07:22:25.608Z","v":0}
{"name":"hexo","hostname":"X54H-PC","pid":11092,"level":20,"msg":"Processed: layout/page.ejs","time":"2018-02-07T07:22:25.608Z","v":0}
{"name":"hexo","hostname":"X54H-PC","pid":11092,"level":20,"msg":"Processed: layout/post.ejs","time":"2018-02-07T07:22:25.608Z","v":0}
{"name":"hexo","hostname":"X54H-PC","pid":11092,"level":20,"msg":"Processed: layout/tag.ejs","time":"2018-02-07T07:22:25.608Z","v":0}
{"name":"hexo","hostname":"X54H-PC","pid":11092,"level":20,"msg":"Processed: layout/tags.ejs","time":"2018-02-07T07:22:25.608Z","v":0}
{"name":"hexo","hostname":"X54H-PC","pid":11092,"level":20,"msg":"Processed: layout/works.ejs","time":"2018-02-07T07:22:25.608Z","v":0}
{"name":"hexo","hostname":"X54H-PC","pid":11092,"level":20,"msg":"Processed: _posts/article-title.md","time":"2018-02-07T07:22:25.654Z","v":0}
{"name":"hexo","hostname":"X54H-PC","pid":11092,"level":20,"msg":"Processed: languages/default.yml","time":"2018-02-07T07:22:25.654Z","v":0}
{"name":"hexo","hostname":"X54H-PC","pid":11092,"level":20,"msg":"Processed: languages/fr.yml","time":"2018-02-07T07:22:25.654Z","v":0}
{"name":"hexo","hostname":"X54H-PC","pid":11092,"level":20,"msg":"Processed: languages/nl.yml","time":"2018-02-07T07:22:25.654Z","v":0}
{"name":"hexo","hostname":"X54H-PC","pid":11092,"level":20,"msg":"Processed: languages/no.yml","time":"2018-02-07T07:22:25.654Z","v":0}
{"name":"hexo","hostname":"X54H-PC","pid":11092,"level":20,"msg":"Processed: languages/zh-CN.yml","time":"2018-02-07T07:22:25.654Z","v":0}
{"name":"hexo","hostname":"X54H-PC","pid":11092,"level":20,"msg":"Processed: languages/zh-TW.yml","time":"2018-02-07T07:22:25.654Z","v":0}
{"name":"hexo","hostname":"X54H-PC","pid":11092,"level":20,"msg":"Processed: languages/ru.yml","time":"2018-02-07T07:22:25.654Z","v":0}
{"name":"hexo","hostname":"X54H-PC","pid":11092,"level":20,"msg":"Processed: _posts/hello-world.md","time":"2018-02-07T07:22:25.654Z","v":0}
{"name":"hexo","hostname":"X54H-PC","pid":11092,"level":20,"msg":"Processed: source/fancybox/helpers/fancybox_buttons.png","time":"2018-02-07T07:22:25.670Z","v":0}
{"name":"hexo","hostname":"X54H-PC","pid":11092,"level":20,"msg":"Processed: source/fancybox/helpers/jquery.fancybox-buttons.css","time":"2018-02-07T07:22:25.670Z","v":0}
{"name":"hexo","hostname":"X54H-PC","pid":11092,"level":20,"msg":"Processed: source/fancybox/helpers/jquery.fancybox-buttons.js","time":"2018-02-07T07:22:25.670Z","v":0}
{"name":"hexo","hostname":"X54H-PC","pid":11092,"level":20,"msg":"Processed: source/fancybox/helpers/jquery.fancybox-media.js","time":"2018-02-07T07:22:25.670Z","v":0}
{"name":"hexo","hostname":"X54H-PC","pid":11092,"level":20,"msg":"Processed: source/fancybox/helpers/jquery.fancybox-thumbs.css","time":"2018-02-07T07:22:25.670Z","v":0}
{"name":"hexo","hostname":"X54H-PC","pid":11092,"level":20,"msg":"Processed: source/fancybox/helpers/jquery.fancybox-thumbs.js","time":"2018-02-07T07:22:25.670Z","v":0}
{"name":"hexo","hostname":"X54H-PC","pid":11092,"level":20,"msg":"Processed: layout/_partial/after-footer.ejs","time":"2018-02-07T07:22:25.920Z","v":0}
{"name":"hexo","hostname":"X54H-PC","pid":11092,"level":20,"msg":"Processed: layout/_partial/footer.ejs","time":"2018-02-07T07:22:25.920Z","v":0}
{"name":"hexo","hostname":"X54H-PC","pid":11092,"level":20,"msg":"Processed: layout/_partial/getPostCoverPhoto.ejs","time":"2018-02-07T07:22:25.920Z","v":0}
{"name":"hexo","hostname":"X54H-PC","pid":11092,"level":20,"msg":"Processed: layout/_partial/google-analytics.ejs","time":"2018-02-07T07:22:25.920Z","v":0}
{"name":"hexo","hostname":"X54H-PC","pid":11092,"level":20,"msg":"Processed: layout/_partial/head.ejs","time":"2018-02-07T07:22:25.920Z","v":0}
{"name":"hexo","hostname":"X54H-PC","pid":11092,"level":20,"msg":"Processed: layout/_partial/nav.ejs","time":"2018-02-07T07:22:25.920Z","v":0}
{"name":"hexo","hostname":"X54H-PC","pid":11092,"level":20,"msg":"Processed: layout/_partial/post.ejs","time":"2018-02-07T07:22:25.920Z","v":0}
{"name":"hexo","hostname":"X54H-PC","pid":11092,"level":20,"msg":"Processed: layout/_partial/primary_content.ejs","time":"2018-02-07T07:22:25.920Z","v":0}
{"name":"hexo","hostname":"X54H-PC","pid":11092,"level":20,"msg":"Processed: layout/_partial/second_content.ejs","time":"2018-02-07T07:22:25.920Z","v":0}
{"name":"hexo","hostname":"X54H-PC","pid":11092,"level":20,"msg":"Processed: layout/_partial/sidebar.ejs","time":"2018-02-07T07:22:25.920Z","v":0}
{"name":"hexo","hostname":"X54H-PC","pid":11092,"level":20,"msg":"Processed: layout/common/cateWithTagContent.ejs","time":"2018-02-07T07:22:25.920Z","v":0}
{"name":"hexo","hostname":"X54H-PC","pid":11092,"level":20,"msg":"Processed: layout/common/cateWithTagTemp.ejs","time":"2018-02-07T07:22:25.920Z","v":0}
{"name":"hexo","hostname":"X54H-PC","pid":11092,"level":20,"msg":"Generator: page","time":"2018-02-07T07:22:26.374Z","v":0}
{"name":"hexo","hostname":"X54H-PC","pid":11092,"level":20,"msg":"Generator: post","time":"2018-02-07T07:22:26.374Z","v":0}
{"name":"hexo","hostname":"X54H-PC","pid":11092,"level":20,"msg":"Generator: archive","time":"2018-02-07T07:22:26.374Z","v":0}
{"name":"hexo","hostname":"X54H-PC","pid":11092,"level":20,"msg":"Generator: category","time":"2018-02-07T07:22:26.374Z","v":0}
{"name":"hexo","hostname":"X54H-PC","pid":11092,"level":20,"msg":"Generator: index","time":"2018-02-07T07:22:26.374Z","v":0}
{"name":"hexo","hostname":"X54H-PC","pid":11092,"level":20,"msg":"Generator: tag","time":"2018-02-07T07:22:26.374Z","v":0}
{"name":"hexo","hostname":"X54H-PC","pid":11092,"level":20,"msg":"Generator: asset","time":"2018-02-07T07:22:26.374Z","v":0}
{"name":"hexo","hostname":"X54H-PC","pid":11092,"level":30,"msg":"Hexo is running at http://localhost:4000/. Press Ctrl+C to stop.","time":"2018-02-07T07:22:26.390Z","v":0}
{"name":"hexo","hostname":"X54H-PC","pid":11092,"level":20,"msg":"Database saved","time":"2018-02-07T07:22:26.405Z","v":0}
{"name":"hexo","hostname":"X54H-PC","pid":11092,"level":20,"msg":"Rendering index: index.html","time":"2018-02-07T07:22:50.893Z","v":0}
{"name":"hexo","hostname":"X54H-PC","pid":11092,"level":20,"msg":"Rendering index: index.html","time":"2018-02-07T07:22:51.313Z","v":0}
{"name":"hexo","hostname":"X54H-PC","pid":11092,"level":30,"msg":"See you again","time":"2018-02-07T07:24:11.957Z","v":0}
{"name":"hexo","hostname":"X54H-PC","pid":11092,"level":20,"msg":"Database saved","time":"2018-02-07T07:24:12.004Z","v":0}
